<?xml version="1.0" encoding="UTF-8"?>
<testsuite xmlns:xsi="http://www.w3.org/2001/XMLSchema-instance" xsi:noNamespaceSchemaLocation="https://maven.apache.org/surefire/maven-surefire-plugin/xsd/surefire-test-report-3.0.xsd" version="3.0" name="com.example.demo.SpringSecurity2ApplicationTests" time="6.827" tests="1" errors="0" skipped="0" failures="0">
  <properties>
[...]
</properties>
  <testcase name="contextLoads" classname="com.example.demo.SpringSecurity2ApplicationTests" time="0.011">
    <system-out><![CDATA[2023-12-30T15:01:43.706+09:00  INFO 84014 --- [           main] t.c.s.AnnotationConfigContextLoaderUtils : Could not detect default configuration classes for test class [com.example.demo.SpringSecurity2ApplicationTests]: SpringSecurity2ApplicationTests does not declare any static, non-private, non-final, nested classes annotated with @Configuration.
2023-12-30T15:01:43.748+09:00  INFO 84014 --- [           main] .b.t.c.SpringBootTestContextBootstrapper : Found @SpringBootConfiguration com.example.demo.SpringSecurity2Application for test class com.example.demo.SpringSecurity2ApplicationTests
2023-12-30T15:01:43.793+09:00  INFO 84014 --- [           main] o.s.b.d.r.RestartApplicationListener     : Restart disabled due to context in which it is running

  .   ____          _            __ _ _
 /\\ / ___'_ __ _ _(_)_ __  __ _ \ \ \ \
( ( )\___ | '_ | '_| | '_ \/ _` | \ \ \ \
 \\/  ___)| |_)| | | | | || (_| |  ) ) ) )
  '  |____| .__|_| |_|_| |_\__, | / / / /
 =========|_|==============|___/=/_/_/_/
 :: Spring Boot ::                (v3.2.0)

2023-12-30T15:01:44.015+09:00  INFO 84014 --- [           main] c.e.d.SpringSecurity2ApplicationTests    : Starting SpringSecurity2ApplicationTests using Java 17.0.8.1 with PID 84014 (started by masayaezure in /Applications/Eclipse_2023-09.app/Contents/workspace/spring-security2)
2023-12-30T15:01:44.016+09:00  INFO 84014 --- [           main] c.e.d.SpringSecurity2ApplicationTests    : No active profile set, falling back to 1 default profile: "default"
2023-12-30T15:01:45.358+09:00  INFO 84014 --- [           main] .s.d.r.c.RepositoryConfigurationDelegate : Bootstrapping Spring Data JPA repositories in DEFAULT mode.
2023-12-30T15:01:45.398+09:00  INFO 84014 --- [           main] .s.d.r.c.RepositoryConfigurationDelegate : Finished Spring Data repository scanning in 39 ms. Found 1 JPA repository interface.
2023-12-30T15:01:46.540+09:00  INFO 84014 --- [           main] o.hibernate.jpa.internal.util.LogHelper  : HHH000204: Processing PersistenceUnitInfo [name: default]
2023-12-30T15:01:46.606+09:00  INFO 84014 --- [           main] o.h.c.internal.RegionFactoryInitiator    : HHH000026: Second-level cache disabled
2023-12-30T15:01:46.660+09:00  INFO 84014 --- [           main] o.s.o.j.p.SpringPersistenceUnitInfo      : No LoadTimeWeaver setup: ignoring JPA class transformer
2023-12-30T15:01:46.666+09:00  INFO 84014 --- [           main] com.zaxxer.hikari.HikariDataSource       : HikariPool-2 - Starting...
2023-12-30T15:01:46.699+09:00  INFO 84014 --- [           main] com.zaxxer.hikari.pool.HikariPool        : HikariPool-2 - Added connection conn10: url=jdbc:h2:./testdb user=
2023-12-30T15:01:46.703+09:00  INFO 84014 --- [           main] com.zaxxer.hikari.HikariDataSource       : HikariPool-2 - Start completed.
2023-12-30T15:01:46.945+09:00  INFO 84014 --- [           main] o.h.e.t.j.p.i.JtaPlatformInitiator       : HHH000489: No JTA platform available (set 'hibernate.transaction.jta.platform' to enable JTA platform integration)
2023-12-30T15:01:46.950+09:00  INFO 84014 --- [           main] j.LocalContainerEntityManagerFactoryBean : Initialized JPA EntityManagerFactory for persistence unit 'default'
2023-12-30T15:01:47.281+09:00  WARN 84014 --- [           main] JpaBaseConfiguration$JpaWebConfiguration : spring.jpa.open-in-view is enabled by default. Therefore, database queries may be performed during view rendering. Explicitly configure spring.jpa.open-in-view to disable this warning
2023-12-30T15:01:49.529+09:00  INFO 84014 --- [           main] o.s.s.web.DefaultSecurityFilterChain     : Will secure any request with [org.springframework.security.web.session.DisableEncodeUrlFilter@1886e8b9, org.springframework.security.web.context.request.async.WebAsyncManagerIntegrationFilter@4b56971a, org.springframework.security.web.context.SecurityContextHolderFilter@7aafaf44, org.springframework.security.web.header.HeaderWriterFilter@f0c6326, org.springframework.web.filter.CorsFilter@1263422a, org.springframework.security.web.csrf.CsrfFilter@352a2660, org.springframework.security.web.authentication.logout.LogoutFilter@2a64c8c3, org.springframework.security.web.authentication.UsernamePasswordAuthenticationFilter@66be0ea, org.springframework.security.web.savedrequest.RequestCacheAwareFilter@1ed28f57, org.springframework.security.web.servletapi.SecurityContextHolderAwareRequestFilter@414fd9f2, org.springframework.security.web.authentication.rememberme.RememberMeAuthenticationFilter@ac51234, org.springframework.security.web.authentication.AnonymousAuthenticationFilter@3095a6e0, org.springframework.security.web.access.ExceptionTranslationFilter@1179c778, org.springframework.security.web.access.intercept.AuthorizationFilter@1f799f4c]
2023-12-30T15:01:50.086+09:00  INFO 84014 --- [           main] c.e.d.SpringSecurity2ApplicationTests    : Started SpringSecurity2ApplicationTests in 6.294 seconds (process running for 71.396)
]]></system-out>
  </testcase>
</testsuite>